DEB [20180923-11:58:23.068] thr=1   paramiko.transport: starting thread (client mode): 0x344aac8
DEB [20180923-11:58:23.078] thr=1   paramiko.transport: Local version/idstring: SSH-2.0-paramiko_2.4.2
DEB [20180923-11:58:23.178] thr=1   paramiko.transport: Remote version/idstring: SSH-2.0-OpenSSH_6.6.1
INF [20180923-11:58:23.178] thr=1   paramiko.transport: Connected (version 2.0, client OpenSSH_6.6.1)
DEB [20180923-11:58:23.188] thr=1   paramiko.transport: kex algos:['curve25519-sha256@libssh.org', 'ecdh-sha2-nistp256', 'ecdh-sha2-nistp384', 'ecdh-sha2-nistp521', 'diffie-hellman-group-exchange-sha256', 'diffie-hellman-group-exchange-sha1', 'diffie-hellman-group14-sha1', 'diffie-hellman-group1-sha1'] server key:['ssh-rsa', 'ecdsa-sha2-nistp256', 'ssh-ed25519'] client encrypt:['aes128-ctr', 'aes192-ctr', 'aes256-ctr', 'arcfour256', 'arcfour128', 'aes128-gcm@openssh.com', 'aes256-gcm@openssh.com', 'chacha20-poly1305@openssh.com', 'aes128-cbc', '3des-cbc', 'blowfish-cbc', 'cast128-cbc', 'aes192-cbc', 'aes256-cbc', 'arcfour', 'rijndael-cbc@lysator.liu.se'] server encrypt:['aes128-ctr', 'aes192-ctr', 'aes256-ctr', 'arcfour256', 'arcfour128', 'aes128-gcm@openssh.com', 'aes256-gcm@openssh.com', 'chacha20-poly1305@openssh.com', 'aes128-cbc', '3des-cbc', 'blowfish-cbc', 'cast128-cbc', 'aes192-cbc', 'aes256-cbc', 'arcfour', 'rijndael-cbc@lysator.liu.se'] client mac:['hmac-md5-etm@openssh.com', 'hmac-sha1-etm@openssh.com', 'umac-64-etm@openssh.com', 'umac-128-etm@openssh.com', 'hmac-sha2-256-etm@openssh.com', 'hmac-sha2-512-etm@openssh.com', 'hmac-ripemd160-etm@openssh.com', 'hmac-sha1-96-etm@openssh.com', 'hmac-md5-96-etm@openssh.com', 'hmac-md5', 'hmac-sha1', 'umac-64@openssh.com', 'umac-128@openssh.com', 'hmac-sha2-256', 'hmac-sha2-512', 'hmac-ripemd160', 'hmac-ripemd160@openssh.com', 'hmac-sha1-96', 'hmac-md5-96'] server mac:['hmac-md5-etm@openssh.com', 'hmac-sha1-etm@openssh.com', 'umac-64-etm@openssh.com', 'umac-128-etm@openssh.com', 'hmac-sha2-256-etm@openssh.com', 'hmac-sha2-512-etm@openssh.com', 'hmac-ripemd160-etm@openssh.com', 'hmac-sha1-96-etm@openssh.com', 'hmac-md5-96-etm@openssh.com', 'hmac-md5', 'hmac-sha1', 'umac-64@openssh.com', 'umac-128@openssh.com', 'hmac-sha2-256', 'hmac-sha2-512', 'hmac-ripemd160', 'hmac-ripemd160@openssh.com', 'hmac-sha1-96', 'hmac-md5-96'] client compress:['none', 'zlib@openssh.com'] server compress:['none', 'zlib@openssh.com'] client lang:[''] server lang:[''] kex follows?False
DEB [20180923-11:58:23.188] thr=1   paramiko.transport: Kex agreed: ecdh-sha2-nistp256
DEB [20180923-11:58:23.188] thr=1   paramiko.transport: HostKey agreed: ssh-ed25519
DEB [20180923-11:58:23.188] thr=1   paramiko.transport: Cipher agreed: aes128-ctr
DEB [20180923-11:58:23.188] thr=1   paramiko.transport: MAC agreed: hmac-sha2-256
DEB [20180923-11:58:23.188] thr=1   paramiko.transport: Compression agreed: none
DEB [20180923-11:58:23.258] thr=1   paramiko.transport: kex engine KexNistp256 specified hash_algo <built-in function openssl_sha256>
DEB [20180923-11:58:23.258] thr=1   paramiko.transport: Switch to new keys ...
DEB [20180923-12:00:23.219] thr=1   paramiko.transport: EOF in transport thread
DEB [20180923-12:02:12.109] thr=1   paramiko.transport: starting thread (client mode): 0x344ab00
DEB [20180923-12:02:12.109] thr=1   paramiko.transport: Local version/idstring: SSH-2.0-paramiko_2.4.2
DEB [20180923-12:02:12.150] thr=1   paramiko.transport: Remote version/idstring: SSH-2.0-OpenSSH_6.6.1
INF [20180923-12:02:12.150] thr=1   paramiko.transport: Connected (version 2.0, client OpenSSH_6.6.1)
DEB [20180923-12:02:12.154] thr=1   paramiko.transport: kex algos:['curve25519-sha256@libssh.org', 'ecdh-sha2-nistp256', 'ecdh-sha2-nistp384', 'ecdh-sha2-nistp521', 'diffie-hellman-group-exchange-sha256', 'diffie-hellman-group-exchange-sha1', 'diffie-hellman-group14-sha1', 'diffie-hellman-group1-sha1'] server key:['ssh-rsa', 'ecdsa-sha2-nistp256', 'ssh-ed25519'] client encrypt:['aes128-ctr', 'aes192-ctr', 'aes256-ctr', 'arcfour256', 'arcfour128', 'aes128-gcm@openssh.com', 'aes256-gcm@openssh.com', 'chacha20-poly1305@openssh.com', 'aes128-cbc', '3des-cbc', 'blowfish-cbc', 'cast128-cbc', 'aes192-cbc', 'aes256-cbc', 'arcfour', 'rijndael-cbc@lysator.liu.se'] server encrypt:['aes128-ctr', 'aes192-ctr', 'aes256-ctr', 'arcfour256', 'arcfour128', 'aes128-gcm@openssh.com', 'aes256-gcm@openssh.com', 'chacha20-poly1305@openssh.com', 'aes128-cbc', '3des-cbc', 'blowfish-cbc', 'cast128-cbc', 'aes192-cbc', 'aes256-cbc', 'arcfour', 'rijndael-cbc@lysator.liu.se'] client mac:['hmac-md5-etm@openssh.com', 'hmac-sha1-etm@openssh.com', 'umac-64-etm@openssh.com', 'umac-128-etm@openssh.com', 'hmac-sha2-256-etm@openssh.com', 'hmac-sha2-512-etm@openssh.com', 'hmac-ripemd160-etm@openssh.com', 'hmac-sha1-96-etm@openssh.com', 'hmac-md5-96-etm@openssh.com', 'hmac-md5', 'hmac-sha1', 'umac-64@openssh.com', 'umac-128@openssh.com', 'hmac-sha2-256', 'hmac-sha2-512', 'hmac-ripemd160', 'hmac-ripemd160@openssh.com', 'hmac-sha1-96', 'hmac-md5-96'] server mac:['hmac-md5-etm@openssh.com', 'hmac-sha1-etm@openssh.com', 'umac-64-etm@openssh.com', 'umac-128-etm@openssh.com', 'hmac-sha2-256-etm@openssh.com', 'hmac-sha2-512-etm@openssh.com', 'hmac-ripemd160-etm@openssh.com', 'hmac-sha1-96-etm@openssh.com', 'hmac-md5-96-etm@openssh.com', 'hmac-md5', 'hmac-sha1', 'umac-64@openssh.com', 'umac-128@openssh.com', 'hmac-sha2-256', 'hmac-sha2-512', 'hmac-ripemd160', 'hmac-ripemd160@openssh.com', 'hmac-sha1-96', 'hmac-md5-96'] client compress:['none', 'zlib@openssh.com'] server compress:['none', 'zlib@openssh.com'] client lang:[''] server lang:[''] kex follows?False
DEB [20180923-12:02:12.154] thr=1   paramiko.transport: Kex agreed: ecdh-sha2-nistp256
DEB [20180923-12:02:12.154] thr=1   paramiko.transport: HostKey agreed: ssh-ed25519
DEB [20180923-12:02:12.154] thr=1   paramiko.transport: Cipher agreed: aes128-ctr
DEB [20180923-12:02:12.155] thr=1   paramiko.transport: MAC agreed: hmac-sha2-256
DEB [20180923-12:02:12.155] thr=1   paramiko.transport: Compression agreed: none
DEB [20180923-12:02:12.222] thr=1   paramiko.transport: kex engine KexNistp256 specified hash_algo <built-in function openssl_sha256>
DEB [20180923-12:02:12.223] thr=1   paramiko.transport: Switch to new keys ...
DEB [20180923-12:03:31.358] thr=1   paramiko.transport: starting thread (client mode): 0x344c630
DEB [20180923-12:03:31.359] thr=1   paramiko.transport: Local version/idstring: SSH-2.0-paramiko_2.4.2
DEB [20180923-12:03:31.389] thr=1   paramiko.transport: Remote version/idstring: SSH-2.0-OpenSSH_6.6.1
INF [20180923-12:03:31.389] thr=1   paramiko.transport: Connected (version 2.0, client OpenSSH_6.6.1)
DEB [20180923-12:03:31.394] thr=1   paramiko.transport: kex algos:['curve25519-sha256@libssh.org', 'ecdh-sha2-nistp256', 'ecdh-sha2-nistp384', 'ecdh-sha2-nistp521', 'diffie-hellman-group-exchange-sha256', 'diffie-hellman-group-exchange-sha1', 'diffie-hellman-group14-sha1', 'diffie-hellman-group1-sha1'] server key:['ssh-rsa', 'ecdsa-sha2-nistp256', 'ssh-ed25519'] client encrypt:['aes128-ctr', 'aes192-ctr', 'aes256-ctr', 'arcfour256', 'arcfour128', 'aes128-gcm@openssh.com', 'aes256-gcm@openssh.com', 'chacha20-poly1305@openssh.com', 'aes128-cbc', '3des-cbc', 'blowfish-cbc', 'cast128-cbc', 'aes192-cbc', 'aes256-cbc', 'arcfour', 'rijndael-cbc@lysator.liu.se'] server encrypt:['aes128-ctr', 'aes192-ctr', 'aes256-ctr', 'arcfour256', 'arcfour128', 'aes128-gcm@openssh.com', 'aes256-gcm@openssh.com', 'chacha20-poly1305@openssh.com', 'aes128-cbc', '3des-cbc', 'blowfish-cbc', 'cast128-cbc', 'aes192-cbc', 'aes256-cbc', 'arcfour', 'rijndael-cbc@lysator.liu.se'] client mac:['hmac-md5-etm@openssh.com', 'hmac-sha1-etm@openssh.com', 'umac-64-etm@openssh.com', 'umac-128-etm@openssh.com', 'hmac-sha2-256-etm@openssh.com', 'hmac-sha2-512-etm@openssh.com', 'hmac-ripemd160-etm@openssh.com', 'hmac-sha1-96-etm@openssh.com', 'hmac-md5-96-etm@openssh.com', 'hmac-md5', 'hmac-sha1', 'umac-64@openssh.com', 'umac-128@openssh.com', 'hmac-sha2-256', 'hmac-sha2-512', 'hmac-ripemd160', 'hmac-ripemd160@openssh.com', 'hmac-sha1-96', 'hmac-md5-96'] server mac:['hmac-md5-etm@openssh.com', 'hmac-sha1-etm@openssh.com', 'umac-64-etm@openssh.com', 'umac-128-etm@openssh.com', 'hmac-sha2-256-etm@openssh.com', 'hmac-sha2-512-etm@openssh.com', 'hmac-ripemd160-etm@openssh.com', 'hmac-sha1-96-etm@openssh.com', 'hmac-md5-96-etm@openssh.com', 'hmac-md5', 'hmac-sha1', 'umac-64@openssh.com', 'umac-128@openssh.com', 'hmac-sha2-256', 'hmac-sha2-512', 'hmac-ripemd160', 'hmac-ripemd160@openssh.com', 'hmac-sha1-96', 'hmac-md5-96'] client compress:['none', 'zlib@openssh.com'] server compress:['none', 'zlib@openssh.com'] client lang:[''] server lang:[''] kex follows?False
DEB [20180923-12:03:31.394] thr=1   paramiko.transport: Kex agreed: ecdh-sha2-nistp256
DEB [20180923-12:03:31.394] thr=1   paramiko.transport: HostKey agreed: ssh-ed25519
DEB [20180923-12:03:31.395] thr=1   paramiko.transport: Cipher agreed: aes128-ctr
DEB [20180923-12:03:31.395] thr=1   paramiko.transport: MAC agreed: hmac-sha2-256
DEB [20180923-12:03:31.395] thr=1   paramiko.transport: Compression agreed: none
DEB [20180923-12:03:31.472] thr=1   paramiko.transport: kex engine KexNistp256 specified hash_algo <built-in function openssl_sha256>
DEB [20180923-12:03:31.473] thr=1   paramiko.transport: Switch to new keys ...
DEB [20180923-12:03:37.745] thr=1   paramiko.transport: userauth is OK
INF [20180923-12:03:37.904] thr=1   paramiko.transport: Authentication (password) successful!
DEB [20180923-12:03:37.905] thr=2   paramiko.transport: [chan 0] Max packet in: 32768 bytes
DEB [20180923-12:03:38.125] thr=1   paramiko.transport: [chan 0] Max packet out: 32768 bytes
DEB [20180923-12:03:38.125] thr=1   paramiko.transport: Secsh channel 0 opened.
DEB [20180923-12:03:38.131] thr=1   paramiko.transport: [chan 0] Sesch channel 0 request ok
DEB [20180923-12:03:38.133] thr=1   paramiko.transport: [chan 0] Sesch channel 0 request ok
DEB [20180923-12:04:12.154] thr=1   paramiko.transport: EOF in transport thread
DEB [20180923-12:05:19.606] thr=1   paramiko.transport: starting thread (client mode): 0x344c668
DEB [20180923-12:05:19.607] thr=1   paramiko.transport: Local version/idstring: SSH-2.0-paramiko_2.4.2
DEB [20180923-12:05:19.643] thr=1   paramiko.transport: Remote version/idstring: SSH-2.0-OpenSSH_6.6.1
INF [20180923-12:05:19.643] thr=1   paramiko.transport: Connected (version 2.0, client OpenSSH_6.6.1)
DEB [20180923-12:05:19.647] thr=1   paramiko.transport: kex algos:['curve25519-sha256@libssh.org', 'ecdh-sha2-nistp256', 'ecdh-sha2-nistp384', 'ecdh-sha2-nistp521', 'diffie-hellman-group-exchange-sha256', 'diffie-hellman-group-exchange-sha1', 'diffie-hellman-group14-sha1', 'diffie-hellman-group1-sha1'] server key:['ssh-rsa', 'ecdsa-sha2-nistp256', 'ssh-ed25519'] client encrypt:['aes128-ctr', 'aes192-ctr', 'aes256-ctr', 'arcfour256', 'arcfour128', 'aes128-gcm@openssh.com', 'aes256-gcm@openssh.com', 'chacha20-poly1305@openssh.com', 'aes128-cbc', '3des-cbc', 'blowfish-cbc', 'cast128-cbc', 'aes192-cbc', 'aes256-cbc', 'arcfour', 'rijndael-cbc@lysator.liu.se'] server encrypt:['aes128-ctr', 'aes192-ctr', 'aes256-ctr', 'arcfour256', 'arcfour128', 'aes128-gcm@openssh.com', 'aes256-gcm@openssh.com', 'chacha20-poly1305@openssh.com', 'aes128-cbc', '3des-cbc', 'blowfish-cbc', 'cast128-cbc', 'aes192-cbc', 'aes256-cbc', 'arcfour', 'rijndael-cbc@lysator.liu.se'] client mac:['hmac-md5-etm@openssh.com', 'hmac-sha1-etm@openssh.com', 'umac-64-etm@openssh.com', 'umac-128-etm@openssh.com', 'hmac-sha2-256-etm@openssh.com', 'hmac-sha2-512-etm@openssh.com', 'hmac-ripemd160-etm@openssh.com', 'hmac-sha1-96-etm@openssh.com', 'hmac-md5-96-etm@openssh.com', 'hmac-md5', 'hmac-sha1', 'umac-64@openssh.com', 'umac-128@openssh.com', 'hmac-sha2-256', 'hmac-sha2-512', 'hmac-ripemd160', 'hmac-ripemd160@openssh.com', 'hmac-sha1-96', 'hmac-md5-96'] server mac:['hmac-md5-etm@openssh.com', 'hmac-sha1-etm@openssh.com', 'umac-64-etm@openssh.com', 'umac-128-etm@openssh.com', 'hmac-sha2-256-etm@openssh.com', 'hmac-sha2-512-etm@openssh.com', 'hmac-ripemd160-etm@openssh.com', 'hmac-sha1-96-etm@openssh.com', 'hmac-md5-96-etm@openssh.com', 'hmac-md5', 'hmac-sha1', 'umac-64@openssh.com', 'umac-128@openssh.com', 'hmac-sha2-256', 'hmac-sha2-512', 'hmac-ripemd160', 'hmac-ripemd160@openssh.com', 'hmac-sha1-96', 'hmac-md5-96'] client compress:['none', 'zlib@openssh.com'] server compress:['none', 'zlib@openssh.com'] client lang:[''] server lang:[''] kex follows?False
DEB [20180923-12:05:19.647] thr=1   paramiko.transport: Kex agreed: ecdh-sha2-nistp256
DEB [20180923-12:05:19.647] thr=1   paramiko.transport: HostKey agreed: ssh-ed25519
DEB [20180923-12:05:19.647] thr=1   paramiko.transport: Cipher agreed: aes128-ctr
DEB [20180923-12:05:19.647] thr=1   paramiko.transport: MAC agreed: hmac-sha2-256
DEB [20180923-12:05:19.647] thr=1   paramiko.transport: Compression agreed: none
DEB [20180923-12:05:19.723] thr=1   paramiko.transport: kex engine KexNistp256 specified hash_algo <built-in function openssl_sha256>
DEB [20180923-12:05:19.723] thr=1   paramiko.transport: Switch to new keys ...
DEB [20180923-12:05:26.380] thr=1   paramiko.transport: userauth is OK
INF [20180923-12:05:26.454] thr=1   paramiko.transport: Authentication (password) successful!
DEB [20180923-12:05:26.454] thr=2   paramiko.transport: [chan 0] Max packet in: 32768 bytes
DEB [20180923-12:05:26.718] thr=1   paramiko.transport: [chan 0] Max packet out: 32768 bytes
DEB [20180923-12:05:26.718] thr=1   paramiko.transport: Secsh channel 0 opened.
DEB [20180923-12:05:26.724] thr=1   paramiko.transport: [chan 0] Sesch channel 0 request ok
DEB [20180923-12:05:26.726] thr=1   paramiko.transport: [chan 0] Sesch channel 0 request ok
DEB [20180923-12:08:19.074] thr=1   paramiko.transport: starting thread (client mode): 0x344c630
DEB [20180923-12:08:19.075] thr=1   paramiko.transport: Local version/idstring: SSH-2.0-paramiko_2.4.2
DEB [20180923-12:08:19.108] thr=1   paramiko.transport: Remote version/idstring: SSH-2.0-OpenSSH_6.6.1
INF [20180923-12:08:19.108] thr=1   paramiko.transport: Connected (version 2.0, client OpenSSH_6.6.1)
DEB [20180923-12:08:19.113] thr=1   paramiko.transport: kex algos:['curve25519-sha256@libssh.org', 'ecdh-sha2-nistp256', 'ecdh-sha2-nistp384', 'ecdh-sha2-nistp521', 'diffie-hellman-group-exchange-sha256', 'diffie-hellman-group-exchange-sha1', 'diffie-hellman-group14-sha1', 'diffie-hellman-group1-sha1'] server key:['ssh-rsa', 'ecdsa-sha2-nistp256', 'ssh-ed25519'] client encrypt:['aes128-ctr', 'aes192-ctr', 'aes256-ctr', 'arcfour256', 'arcfour128', 'aes128-gcm@openssh.com', 'aes256-gcm@openssh.com', 'chacha20-poly1305@openssh.com', 'aes128-cbc', '3des-cbc', 'blowfish-cbc', 'cast128-cbc', 'aes192-cbc', 'aes256-cbc', 'arcfour', 'rijndael-cbc@lysator.liu.se'] server encrypt:['aes128-ctr', 'aes192-ctr', 'aes256-ctr', 'arcfour256', 'arcfour128', 'aes128-gcm@openssh.com', 'aes256-gcm@openssh.com', 'chacha20-poly1305@openssh.com', 'aes128-cbc', '3des-cbc', 'blowfish-cbc', 'cast128-cbc', 'aes192-cbc', 'aes256-cbc', 'arcfour', 'rijndael-cbc@lysator.liu.se'] client mac:['hmac-md5-etm@openssh.com', 'hmac-sha1-etm@openssh.com', 'umac-64-etm@openssh.com', 'umac-128-etm@openssh.com', 'hmac-sha2-256-etm@openssh.com', 'hmac-sha2-512-etm@openssh.com', 'hmac-ripemd160-etm@openssh.com', 'hmac-sha1-96-etm@openssh.com', 'hmac-md5-96-etm@openssh.com', 'hmac-md5', 'hmac-sha1', 'umac-64@openssh.com', 'umac-128@openssh.com', 'hmac-sha2-256', 'hmac-sha2-512', 'hmac-ripemd160', 'hmac-ripemd160@openssh.com', 'hmac-sha1-96', 'hmac-md5-96'] server mac:['hmac-md5-etm@openssh.com', 'hmac-sha1-etm@openssh.com', 'umac-64-etm@openssh.com', 'umac-128-etm@openssh.com', 'hmac-sha2-256-etm@openssh.com', 'hmac-sha2-512-etm@openssh.com', 'hmac-ripemd160-etm@openssh.com', 'hmac-sha1-96-etm@openssh.com', 'hmac-md5-96-etm@openssh.com', 'hmac-md5', 'hmac-sha1', 'umac-64@openssh.com', 'umac-128@openssh.com', 'hmac-sha2-256', 'hmac-sha2-512', 'hmac-ripemd160', 'hmac-ripemd160@openssh.com', 'hmac-sha1-96', 'hmac-md5-96'] client compress:['none', 'zlib@openssh.com'] server compress:['none', 'zlib@openssh.com'] client lang:[''] server lang:[''] kex follows?False
DEB [20180923-12:08:19.113] thr=1   paramiko.transport: Kex agreed: ecdh-sha2-nistp256
DEB [20180923-12:08:19.114] thr=1   paramiko.transport: HostKey agreed: ssh-ed25519
DEB [20180923-12:08:19.114] thr=1   paramiko.transport: Cipher agreed: aes128-ctr
DEB [20180923-12:08:19.114] thr=1   paramiko.transport: MAC agreed: hmac-sha2-256
DEB [20180923-12:08:19.114] thr=1   paramiko.transport: Compression agreed: none
DEB [20180923-12:08:19.188] thr=1   paramiko.transport: kex engine KexNistp256 specified hash_algo <built-in function openssl_sha256>
DEB [20180923-12:08:19.189] thr=1   paramiko.transport: Switch to new keys ...
DEB [20180923-12:08:24.837] thr=1   paramiko.transport: userauth is OK
INF [20180923-12:08:24.946] thr=1   paramiko.transport: Authentication (password) successful!
DEB [20180923-12:08:24.947] thr=2   paramiko.transport: [chan 0] Max packet in: 32768 bytes
DEB [20180923-12:08:25.171] thr=1   paramiko.transport: [chan 0] Max packet out: 32768 bytes
DEB [20180923-12:08:25.171] thr=1   paramiko.transport: Secsh channel 0 opened.
DEB [20180923-12:08:25.178] thr=1   paramiko.transport: [chan 0] Sesch channel 0 request ok
DEB [20180923-12:08:25.180] thr=1   paramiko.transport: [chan 0] Sesch channel 0 request ok
DEB [20180923-12:10:01.751] thr=1   paramiko.transport: [chan 0] EOF received (0)
DEB [20180923-12:10:01.752] thr=1   paramiko.transport: [chan 0] EOF sent (0)
DEB [20180923-12:10:02.807] thr=1   paramiko.transport: EOF in transport thread
DEB [20180923-12:10:10.272] thr=1   paramiko.transport: starting thread (client mode): 0x344c630
DEB [20180923-12:10:10.272] thr=1   paramiko.transport: Local version/idstring: SSH-2.0-paramiko_2.4.2
DEB [20180923-12:10:10.309] thr=1   paramiko.transport: Remote version/idstring: SSH-2.0-OpenSSH_6.6.1
INF [20180923-12:10:10.309] thr=1   paramiko.transport: Connected (version 2.0, client OpenSSH_6.6.1)
DEB [20180923-12:10:10.312] thr=1   paramiko.transport: kex algos:['curve25519-sha256@libssh.org', 'ecdh-sha2-nistp256', 'ecdh-sha2-nistp384', 'ecdh-sha2-nistp521', 'diffie-hellman-group-exchange-sha256', 'diffie-hellman-group-exchange-sha1', 'diffie-hellman-group14-sha1', 'diffie-hellman-group1-sha1'] server key:['ssh-rsa', 'ecdsa-sha2-nistp256', 'ssh-ed25519'] client encrypt:['aes128-ctr', 'aes192-ctr', 'aes256-ctr', 'arcfour256', 'arcfour128', 'aes128-gcm@openssh.com', 'aes256-gcm@openssh.com', 'chacha20-poly1305@openssh.com', 'aes128-cbc', '3des-cbc', 'blowfish-cbc', 'cast128-cbc', 'aes192-cbc', 'aes256-cbc', 'arcfour', 'rijndael-cbc@lysator.liu.se'] server encrypt:['aes128-ctr', 'aes192-ctr', 'aes256-ctr', 'arcfour256', 'arcfour128', 'aes128-gcm@openssh.com', 'aes256-gcm@openssh.com', 'chacha20-poly1305@openssh.com', 'aes128-cbc', '3des-cbc', 'blowfish-cbc', 'cast128-cbc', 'aes192-cbc', 'aes256-cbc', 'arcfour', 'rijndael-cbc@lysator.liu.se'] client mac:['hmac-md5-etm@openssh.com', 'hmac-sha1-etm@openssh.com', 'umac-64-etm@openssh.com', 'umac-128-etm@openssh.com', 'hmac-sha2-256-etm@openssh.com', 'hmac-sha2-512-etm@openssh.com', 'hmac-ripemd160-etm@openssh.com', 'hmac-sha1-96-etm@openssh.com', 'hmac-md5-96-etm@openssh.com', 'hmac-md5', 'hmac-sha1', 'umac-64@openssh.com', 'umac-128@openssh.com', 'hmac-sha2-256', 'hmac-sha2-512', 'hmac-ripemd160', 'hmac-ripemd160@openssh.com', 'hmac-sha1-96', 'hmac-md5-96'] server mac:['hmac-md5-etm@openssh.com', 'hmac-sha1-etm@openssh.com', 'umac-64-etm@openssh.com', 'umac-128-etm@openssh.com', 'hmac-sha2-256-etm@openssh.com', 'hmac-sha2-512-etm@openssh.com', 'hmac-ripemd160-etm@openssh.com', 'hmac-sha1-96-etm@openssh.com', 'hmac-md5-96-etm@openssh.com', 'hmac-md5', 'hmac-sha1', 'umac-64@openssh.com', 'umac-128@openssh.com', 'hmac-sha2-256', 'hmac-sha2-512', 'hmac-ripemd160', 'hmac-ripemd160@openssh.com', 'hmac-sha1-96', 'hmac-md5-96'] client compress:['none', 'zlib@openssh.com'] server compress:['none', 'zlib@openssh.com'] client lang:[''] server lang:[''] kex follows?False
DEB [20180923-12:10:10.313] thr=1   paramiko.transport: Kex agreed: ecdh-sha2-nistp256
DEB [20180923-12:10:10.313] thr=1   paramiko.transport: HostKey agreed: ssh-ed25519
DEB [20180923-12:10:10.313] thr=1   paramiko.transport: Cipher agreed: aes128-ctr
DEB [20180923-12:10:10.313] thr=1   paramiko.transport: MAC agreed: hmac-sha2-256
DEB [20180923-12:10:10.313] thr=1   paramiko.transport: Compression agreed: none
DEB [20180923-12:10:10.390] thr=1   paramiko.transport: kex engine KexNistp256 specified hash_algo <built-in function openssl_sha256>
DEB [20180923-12:10:10.391] thr=1   paramiko.transport: Switch to new keys ...
DEB [20180923-12:10:14.894] thr=1   paramiko.transport: userauth is OK
INF [20180923-12:10:17.205] thr=1   paramiko.transport: Authentication (password) failed.
DEB [20180923-12:10:17.217] thr=1   paramiko.transport: EOF in transport thread
DEB [20180923-12:10:24.324] thr=1   paramiko.transport: starting thread (client mode): 0x344b668
DEB [20180923-12:10:24.325] thr=1   paramiko.transport: Local version/idstring: SSH-2.0-paramiko_2.4.2
DEB [20180923-12:10:24.348] thr=1   paramiko.transport: Remote version/idstring: SSH-2.0-OpenSSH_6.6.1
INF [20180923-12:10:24.348] thr=1   paramiko.transport: Connected (version 2.0, client OpenSSH_6.6.1)
DEB [20180923-12:10:24.350] thr=1   paramiko.transport: kex algos:['curve25519-sha256@libssh.org', 'ecdh-sha2-nistp256', 'ecdh-sha2-nistp384', 'ecdh-sha2-nistp521', 'diffie-hellman-group-exchange-sha256', 'diffie-hellman-group-exchange-sha1', 'diffie-hellman-group14-sha1', 'diffie-hellman-group1-sha1'] server key:['ssh-rsa', 'ecdsa-sha2-nistp256', 'ssh-ed25519'] client encrypt:['aes128-ctr', 'aes192-ctr', 'aes256-ctr', 'arcfour256', 'arcfour128', 'aes128-gcm@openssh.com', 'aes256-gcm@openssh.com', 'chacha20-poly1305@openssh.com', 'aes128-cbc', '3des-cbc', 'blowfish-cbc', 'cast128-cbc', 'aes192-cbc', 'aes256-cbc', 'arcfour', 'rijndael-cbc@lysator.liu.se'] server encrypt:['aes128-ctr', 'aes192-ctr', 'aes256-ctr', 'arcfour256', 'arcfour128', 'aes128-gcm@openssh.com', 'aes256-gcm@openssh.com', 'chacha20-poly1305@openssh.com', 'aes128-cbc', '3des-cbc', 'blowfish-cbc', 'cast128-cbc', 'aes192-cbc', 'aes256-cbc', 'arcfour', 'rijndael-cbc@lysator.liu.se'] client mac:['hmac-md5-etm@openssh.com', 'hmac-sha1-etm@openssh.com', 'umac-64-etm@openssh.com', 'umac-128-etm@openssh.com', 'hmac-sha2-256-etm@openssh.com', 'hmac-sha2-512-etm@openssh.com', 'hmac-ripemd160-etm@openssh.com', 'hmac-sha1-96-etm@openssh.com', 'hmac-md5-96-etm@openssh.com', 'hmac-md5', 'hmac-sha1', 'umac-64@openssh.com', 'umac-128@openssh.com', 'hmac-sha2-256', 'hmac-sha2-512', 'hmac-ripemd160', 'hmac-ripemd160@openssh.com', 'hmac-sha1-96', 'hmac-md5-96'] server mac:['hmac-md5-etm@openssh.com', 'hmac-sha1-etm@openssh.com', 'umac-64-etm@openssh.com', 'umac-128-etm@openssh.com', 'hmac-sha2-256-etm@openssh.com', 'hmac-sha2-512-etm@openssh.com', 'hmac-ripemd160-etm@openssh.com', 'hmac-sha1-96-etm@openssh.com', 'hmac-md5-96-etm@openssh.com', 'hmac-md5', 'hmac-sha1', 'umac-64@openssh.com', 'umac-128@openssh.com', 'hmac-sha2-256', 'hmac-sha2-512', 'hmac-ripemd160', 'hmac-ripemd160@openssh.com', 'hmac-sha1-96', 'hmac-md5-96'] client compress:['none', 'zlib@openssh.com'] server compress:['none', 'zlib@openssh.com'] client lang:[''] server lang:[''] kex follows?False
DEB [20180923-12:10:24.351] thr=1   paramiko.transport: Kex agreed: ecdh-sha2-nistp256
DEB [20180923-12:10:24.351] thr=1   paramiko.transport: HostKey agreed: ssh-ed25519
DEB [20180923-12:10:24.351] thr=1   paramiko.transport: Cipher agreed: aes128-ctr
DEB [20180923-12:10:24.352] thr=1   paramiko.transport: MAC agreed: hmac-sha2-256
DEB [20180923-12:10:24.352] thr=1   paramiko.transport: Compression agreed: none
DEB [20180923-12:10:24.426] thr=1   paramiko.transport: kex engine KexNistp256 specified hash_algo <built-in function openssl_sha256>
DEB [20180923-12:10:24.426] thr=1   paramiko.transport: Switch to new keys ...
DEB [20180923-12:10:30.643] thr=1   paramiko.transport: userauth is OK
INF [20180923-12:10:30.689] thr=1   paramiko.transport: Authentication (password) successful!
DEB [20180923-12:10:30.710] thr=2   paramiko.transport: [chan 0] Max packet in: 32768 bytes
DEB [20180923-12:10:30.956] thr=1   paramiko.transport: [chan 0] Max packet out: 32768 bytes
DEB [20180923-12:10:30.956] thr=1   paramiko.transport: Secsh channel 0 opened.
DEB [20180923-12:10:30.962] thr=1   paramiko.transport: [chan 0] Sesch channel 0 request ok
DEB [20180923-12:10:30.965] thr=1   paramiko.transport: [chan 0] Sesch channel 0 request ok
DEB [20180923-12:10:53.525] thr=1   paramiko.transport: [chan 0] EOF received (0)
DEB [20180923-12:10:53.526] thr=1   paramiko.transport: [chan 0] EOF sent (0)
DEB [20180923-12:10:54.648] thr=1   paramiko.transport: EOF in transport thread
DEB [20180923-12:11:02.118] thr=1   paramiko.transport: starting thread (client mode): 0x344c668
DEB [20180923-12:11:02.118] thr=1   paramiko.transport: Local version/idstring: SSH-2.0-paramiko_2.4.2
DEB [20180923-12:11:02.144] thr=1   paramiko.transport: Remote version/idstring: SSH-2.0-OpenSSH_6.6.1
INF [20180923-12:11:02.145] thr=1   paramiko.transport: Connected (version 2.0, client OpenSSH_6.6.1)
DEB [20180923-12:11:02.149] thr=1   paramiko.transport: kex algos:['curve25519-sha256@libssh.org', 'ecdh-sha2-nistp256', 'ecdh-sha2-nistp384', 'ecdh-sha2-nistp521', 'diffie-hellman-group-exchange-sha256', 'diffie-hellman-group-exchange-sha1', 'diffie-hellman-group14-sha1', 'diffie-hellman-group1-sha1'] server key:['ssh-rsa', 'ecdsa-sha2-nistp256', 'ssh-ed25519'] client encrypt:['aes128-ctr', 'aes192-ctr', 'aes256-ctr', 'arcfour256', 'arcfour128', 'aes128-gcm@openssh.com', 'aes256-gcm@openssh.com', 'chacha20-poly1305@openssh.com', 'aes128-cbc', '3des-cbc', 'blowfish-cbc', 'cast128-cbc', 'aes192-cbc', 'aes256-cbc', 'arcfour', 'rijndael-cbc@lysator.liu.se'] server encrypt:['aes128-ctr', 'aes192-ctr', 'aes256-ctr', 'arcfour256', 'arcfour128', 'aes128-gcm@openssh.com', 'aes256-gcm@openssh.com', 'chacha20-poly1305@openssh.com', 'aes128-cbc', '3des-cbc', 'blowfish-cbc', 'cast128-cbc', 'aes192-cbc', 'aes256-cbc', 'arcfour', 'rijndael-cbc@lysator.liu.se'] client mac:['hmac-md5-etm@openssh.com', 'hmac-sha1-etm@openssh.com', 'umac-64-etm@openssh.com', 'umac-128-etm@openssh.com', 'hmac-sha2-256-etm@openssh.com', 'hmac-sha2-512-etm@openssh.com', 'hmac-ripemd160-etm@openssh.com', 'hmac-sha1-96-etm@openssh.com', 'hmac-md5-96-etm@openssh.com', 'hmac-md5', 'hmac-sha1', 'umac-64@openssh.com', 'umac-128@openssh.com', 'hmac-sha2-256', 'hmac-sha2-512', 'hmac-ripemd160', 'hmac-ripemd160@openssh.com', 'hmac-sha1-96', 'hmac-md5-96'] server mac:['hmac-md5-etm@openssh.com', 'hmac-sha1-etm@openssh.com', 'umac-64-etm@openssh.com', 'umac-128-etm@openssh.com', 'hmac-sha2-256-etm@openssh.com', 'hmac-sha2-512-etm@openssh.com', 'hmac-ripemd160-etm@openssh.com', 'hmac-sha1-96-etm@openssh.com', 'hmac-md5-96-etm@openssh.com', 'hmac-md5', 'hmac-sha1', 'umac-64@openssh.com', 'umac-128@openssh.com', 'hmac-sha2-256', 'hmac-sha2-512', 'hmac-ripemd160', 'hmac-ripemd160@openssh.com', 'hmac-sha1-96', 'hmac-md5-96'] client compress:['none', 'zlib@openssh.com'] server compress:['none', 'zlib@openssh.com'] client lang:[''] server lang:[''] kex follows?False
DEB [20180923-12:11:02.149] thr=1   paramiko.transport: Kex agreed: ecdh-sha2-nistp256
DEB [20180923-12:11:02.149] thr=1   paramiko.transport: HostKey agreed: ssh-ed25519
DEB [20180923-12:11:02.149] thr=1   paramiko.transport: Cipher agreed: aes128-ctr
DEB [20180923-12:11:02.149] thr=1   paramiko.transport: MAC agreed: hmac-sha2-256
DEB [20180923-12:11:02.150] thr=1   paramiko.transport: Compression agreed: none
DEB [20180923-12:11:02.218] thr=1   paramiko.transport: kex engine KexNistp256 specified hash_algo <built-in function openssl_sha256>
DEB [20180923-12:11:02.219] thr=1   paramiko.transport: Switch to new keys ...
DEB [20180923-12:11:06.977] thr=1   paramiko.transport: userauth is OK
INF [20180923-12:11:07.055] thr=1   paramiko.transport: Authentication (password) successful!
DEB [20180923-12:11:07.075] thr=2   paramiko.transport: [chan 0] Max packet in: 32768 bytes
DEB [20180923-12:11:07.272] thr=1   paramiko.transport: [chan 0] Max packet out: 32768 bytes
DEB [20180923-12:11:07.272] thr=1   paramiko.transport: Secsh channel 0 opened.
DEB [20180923-12:11:07.278] thr=1   paramiko.transport: [chan 0] Sesch channel 0 request ok
DEB [20180923-12:11:07.281] thr=1   paramiko.transport: [chan 0] Sesch channel 0 request ok
DEB [20180923-12:15:31.662] thr=1   paramiko.transport: [chan 0] EOF received (0)
DEB [20180923-12:15:31.663] thr=1   paramiko.transport: [chan 0] EOF sent (0)
DEB [20180923-12:15:38.130] thr=1   paramiko.transport: starting thread (client mode): 0x344c630
DEB [20180923-12:15:38.131] thr=1   paramiko.transport: Local version/idstring: SSH-2.0-paramiko_2.4.2
DEB [20180923-12:15:38.157] thr=1   paramiko.transport: Remote version/idstring: SSH-2.0-OpenSSH_6.6.1
INF [20180923-12:15:38.157] thr=1   paramiko.transport: Connected (version 2.0, client OpenSSH_6.6.1)
DEB [20180923-12:15:38.162] thr=1   paramiko.transport: kex algos:['curve25519-sha256@libssh.org', 'ecdh-sha2-nistp256', 'ecdh-sha2-nistp384', 'ecdh-sha2-nistp521', 'diffie-hellman-group-exchange-sha256', 'diffie-hellman-group-exchange-sha1', 'diffie-hellman-group14-sha1', 'diffie-hellman-group1-sha1'] server key:['ssh-rsa', 'ecdsa-sha2-nistp256', 'ssh-ed25519'] client encrypt:['aes128-ctr', 'aes192-ctr', 'aes256-ctr', 'arcfour256', 'arcfour128', 'aes128-gcm@openssh.com', 'aes256-gcm@openssh.com', 'chacha20-poly1305@openssh.com', 'aes128-cbc', '3des-cbc', 'blowfish-cbc', 'cast128-cbc', 'aes192-cbc', 'aes256-cbc', 'arcfour', 'rijndael-cbc@lysator.liu.se'] server encrypt:['aes128-ctr', 'aes192-ctr', 'aes256-ctr', 'arcfour256', 'arcfour128', 'aes128-gcm@openssh.com', 'aes256-gcm@openssh.com', 'chacha20-poly1305@openssh.com', 'aes128-cbc', '3des-cbc', 'blowfish-cbc', 'cast128-cbc', 'aes192-cbc', 'aes256-cbc', 'arcfour', 'rijndael-cbc@lysator.liu.se'] client mac:['hmac-md5-etm@openssh.com', 'hmac-sha1-etm@openssh.com', 'umac-64-etm@openssh.com', 'umac-128-etm@openssh.com', 'hmac-sha2-256-etm@openssh.com', 'hmac-sha2-512-etm@openssh.com', 'hmac-ripemd160-etm@openssh.com', 'hmac-sha1-96-etm@openssh.com', 'hmac-md5-96-etm@openssh.com', 'hmac-md5', 'hmac-sha1', 'umac-64@openssh.com', 'umac-128@openssh.com', 'hmac-sha2-256', 'hmac-sha2-512', 'hmac-ripemd160', 'hmac-ripemd160@openssh.com', 'hmac-sha1-96', 'hmac-md5-96'] server mac:['hmac-md5-etm@openssh.com', 'hmac-sha1-etm@openssh.com', 'umac-64-etm@openssh.com', 'umac-128-etm@openssh.com', 'hmac-sha2-256-etm@openssh.com', 'hmac-sha2-512-etm@openssh.com', 'hmac-ripemd160-etm@openssh.com', 'hmac-sha1-96-etm@openssh.com', 'hmac-md5-96-etm@openssh.com', 'hmac-md5', 'hmac-sha1', 'umac-64@openssh.com', 'umac-128@openssh.com', 'hmac-sha2-256', 'hmac-sha2-512', 'hmac-ripemd160', 'hmac-ripemd160@openssh.com', 'hmac-sha1-96', 'hmac-md5-96'] client compress:['none', 'zlib@openssh.com'] server compress:['none', 'zlib@openssh.com'] client lang:[''] server lang:[''] kex follows?False
DEB [20180923-12:15:38.162] thr=1   paramiko.transport: Kex agreed: ecdh-sha2-nistp256
DEB [20180923-12:15:38.162] thr=1   paramiko.transport: HostKey agreed: ssh-ed25519
DEB [20180923-12:15:38.162] thr=1   paramiko.transport: Cipher agreed: aes128-ctr
DEB [20180923-12:15:38.163] thr=1   paramiko.transport: MAC agreed: hmac-sha2-256
DEB [20180923-12:15:38.163] thr=1   paramiko.transport: Compression agreed: none
DEB [20180923-12:15:38.292] thr=1   paramiko.transport: kex engine KexNistp256 specified hash_algo <built-in function openssl_sha256>
DEB [20180923-12:15:38.293] thr=1   paramiko.transport: Switch to new keys ...
DEB [20180923-12:15:42.889] thr=1   paramiko.transport: userauth is OK
INF [20180923-12:15:42.952] thr=1   paramiko.transport: Authentication (password) successful!
DEB [20180923-12:15:42.952] thr=2   paramiko.transport: [chan 0] Max packet in: 32768 bytes
DEB [20180923-12:15:43.199] thr=1   paramiko.transport: [chan 0] Max packet out: 32768 bytes
DEB [20180923-12:15:43.200] thr=1   paramiko.transport: Secsh channel 0 opened.
DEB [20180923-12:15:43.205] thr=1   paramiko.transport: [chan 0] Sesch channel 0 request ok
DEB [20180923-12:15:43.208] thr=1   paramiko.transport: [chan 0] Sesch channel 0 request ok
